<?xml version="1.0" encoding="UTF-8"?>
<!-- Generated by org.testng.reporters.JUnitReportReporter -->
<testsuite hostname="C40sf-118-" name="testScripts.AcceptQueue" tests="2" failures="0" timestamp="19 Jul 2017 14:53:31 GMT" time="12.399" errors="0">
  <testcase name="acceptQueue" time="8.130" classname="testScripts.AcceptQueue"/>
  <testcase name="openAcceptanceQueue" time="4.269" classname="testScripts.AcceptQueue"/>
</testsuite> <!-- testScripts.AcceptQueue -->
