<?xml version="1.0" encoding="UTF-8"?>
<!-- Generated by org.testng.reporters.JUnitReportReporter -->
<testsuite hostname="C40-SF-22" name="testScripts.ThirdPartyProgress" tests="1" failures="0" timestamp="10 May 2017 12:09:49 GMT" time="14.591" errors="0">
  <testcase name="ThirdPartyProgressTest" time="14.591" classname="testScripts.ThirdPartyProgress"/>
</testsuite> <!-- testScripts.ThirdPartyProgress -->
