<?xml version="1.0" encoding="UTF-8"?>
<!-- Generated by org.testng.reporters.JUnitReportReporter -->
<testsuite hostname="C40sf-118-" name="testScripts.ThirdPartyProgress" tests="1" failures="0" timestamp="13 Jun 2017 11:42:53 GMT" time="34.143" errors="0">
  <testcase name="ThirdPartyProgressTest" time="34.143" classname="testScripts.ThirdPartyProgress"/>
</testsuite> <!-- testScripts.ThirdPartyProgress -->
