<?xml version="1.0" encoding="UTF-8"?>
<!-- Generated by org.testng.reporters.JUnitReportReporter -->
<testsuite hostname="C40-SF-22" name="testScripts.VisionLogin" tests="1" failures="0" timestamp="10 Apr 2017 11:00:04 GMT" time="7.220" errors="0">
  <testcase name="loginQA" time="7.220" classname="testScripts.VisionLogin"/>
</testsuite> <!-- testScripts.VisionLogin -->
