<?xml version="1.0" encoding="UTF-8"?>
<!-- Generated by org.testng.reporters.JUnitReportReporter -->
<testsuite hostname="C40sf-118-" name="testScripts.ReleasePO" tests="4" failures="0" timestamp="13 Jun 2017 14:03:01 GMT" time="185.460" errors="0">
  <testcase name="releasePO" time="78.169" classname="testScripts.ReleasePO"/>
  <testcase name="confirmPO" time="70.159" classname="testScripts.ReleasePO"/>
  <testcase name="savePO" time="29.226" classname="testScripts.ReleasePO"/>
  <testcase name="openPurchaseOrderRelease" time="7.906" classname="testScripts.ReleasePO"/>
</testsuite> <!-- testScripts.ReleasePO -->
