<?xml version="1.0" encoding="UTF-8"?>
<!-- Generated by org.testng.reporters.JUnitReportReporter -->
<testsuite hostname="C40-SF-22" name="testScripts.UnitReconcile" tests="1" failures="0" timestamp="10 May 2017 12:17:43 GMT" time="205.907" errors="0">
  <testcase name="UntRec" time="205.907" classname="testScripts.UnitReconcile"/>
</testsuite> <!-- testScripts.UnitReconcile -->
