<?xml version="1.0" encoding="UTF-8"?>
<!-- Generated by org.testng.reporters.JUnitReportReporter -->
<testsuite hostname="C40sf-118-" name="testScripts.UpfitProgress" tests="1" failures="0" timestamp="18 Jul 2017 11:18:53 GMT" time="127.866" errors="0">
  <testcase name="UpfitProgressTest" time="127.866" classname="testScripts.UpfitProgress"/>
</testsuite> <!-- testScripts.UpfitProgress -->
