<?xml version="1.0" encoding="UTF-8"?>
<!-- Generated by org.testng.reporters.JUnitReportReporter -->
<testsuite hostname="C40sf-118-" name="testScripts.ThirdPartyProgress" tests="1" failures="0" timestamp="6 Jul 2017 12:25:11 GMT" time="30.724" errors="0">
  <testcase name="ThirdPartyProgressTest" time="30.724" classname="testScripts.ThirdPartyProgress"/>
</testsuite> <!-- testScripts.ThirdPartyProgress -->
