<?xml version="1.0" encoding="UTF-8"?>
<!-- Generated by org.testng.reporters.JUnitReportReporter -->
<testsuite hostname="C40-SF-22" name="testScripts.ReleasePO" tests="4" failures="0" timestamp="11 May 2017 07:38:08 GMT" time="169.491" errors="0">
  <testcase name="openPurchaseOrderRelease" time="5.610" classname="testScripts.ReleasePO"/>
  <testcase name="savePO" time="55.273" classname="testScripts.ReleasePO"/>
  <testcase name="releasePO" time="66.280" classname="testScripts.ReleasePO"/>
  <testcase name="confirmPO" time="42.328" classname="testScripts.ReleasePO"/>
</testsuite> <!-- testScripts.ReleasePO -->
