<?xml version="1.0" encoding="UTF-8"?>
<!-- Generated by org.testng.reporters.JUnitReportReporter -->
<testsuite hostname="C40sf-118-" name="testScripts.AcceptQueue" tests="2" failures="0" timestamp="12 Jul 2017 10:18:32 GMT" time="13.898" errors="0">
  <testcase name="acceptQueue" time="8.539" classname="testScripts.AcceptQueue"/>
  <testcase name="openAcceptanceQueue" time="5.359" classname="testScripts.AcceptQueue"/>
</testsuite> <!-- testScripts.AcceptQueue -->
