<?xml version="1.0" encoding="UTF-8"?>
<!-- Generated by org.testng.reporters.JUnitReportReporter -->
<testsuite hostname="C40-SF-22" name="testScripts.VisionLogin" tests="1" failures="0" timestamp="8 Mar 2017 15:04:53 GMT" time="6.941" errors="0">
  <testcase name="loginQA" time="6.941" classname="testScripts.VisionLogin"/>
</testsuite> <!-- testScripts.VisionLogin -->
