<?xml version="1.0" encoding="UTF-8"?>
<!-- Generated by org.testng.reporters.JUnitReportReporter -->
<testsuite hostname="C40-SF-22" name="testScripts.AcceptQueue" tests="2" failures="0" timestamp="8 Mar 2017 13:33:01 GMT" time="9.961" errors="0">
  <testcase name="acceptQueue" time="6.894" classname="testScripts.AcceptQueue"/>
  <testcase name="openAcceptanceQueue" time="3.067" classname="testScripts.AcceptQueue"/>
</testsuite> <!-- testScripts.AcceptQueue -->
