<?xml version="1.0" encoding="UTF-8"?>
<!-- Generated by org.testng.reporters.JUnitReportReporter -->
<testsuite hostname="C40sf-118-" name="testScripts.VisionLogin" tests="1" failures="0" timestamp="18 Jul 2017 11:29:41 GMT" time="9.884" errors="0">
  <testcase name="loginQA" time="9.884" classname="testScripts.VisionLogin"/>
</testsuite> <!-- testScripts.VisionLogin -->
