<?xml version="1.0" encoding="UTF-8"?>
<!-- Generated by org.testng.reporters.JUnitReportReporter -->
<testsuite hostname="C40-SF-22" name="testScripts.AcceptQueue" tests="2" failures="0" timestamp="11 May 2017 07:38:08 GMT" time="29.041" errors="0">
  <testcase name="acceptQueue" time="17.904" classname="testScripts.AcceptQueue"/>
  <testcase name="openAcceptanceQueue" time="11.137" classname="testScripts.AcceptQueue"/>
</testsuite> <!-- testScripts.AcceptQueue -->
