<?xml version="1.0" encoding="UTF-8"?>
<!-- Generated by org.testng.reporters.JUnitReportReporter -->
<testsuite hostname="C40sf-118-" name="testScripts.ReleasePO" tests="4" failures="0" timestamp="6 Jul 2017 12:25:11 GMT" time="161.801" errors="0">
  <testcase name="confirmPO" time="39.337" classname="testScripts.ReleasePO"/>
  <testcase name="savePO" time="64.608" classname="testScripts.ReleasePO"/>
  <testcase name="releasePO" time="49.467" classname="testScripts.ReleasePO"/>
  <testcase name="openPurchaseOrderRelease" time="8.389" classname="testScripts.ReleasePO"/>
</testsuite> <!-- testScripts.ReleasePO -->
