<?xml version="1.0" encoding="UTF-8"?>
<!-- Generated by org.testng.reporters.JUnitReportReporter -->
<testsuite hostname="C40sf-118-" name="testScripts.ReleasePO" tests="4" failures="0" timestamp="18 Jul 2017 11:15:12 GMT" time="149.523" errors="0">
  <testcase name="confirmPO" time="42.816" classname="testScripts.ReleasePO"/>
  <testcase name="savePO" time="49.719" classname="testScripts.ReleasePO"/>
  <testcase name="openPurchaseOrderRelease" time="9.989" classname="testScripts.ReleasePO"/>
  <testcase name="releasePO" time="46.999" classname="testScripts.ReleasePO"/>
</testsuite> <!-- testScripts.ReleasePO -->
