<?xml version="1.0" encoding="UTF-8"?>
<!-- Generated by org.testng.reporters.JUnitReportReporter -->
<testsuite hostname="C40sf-118-" name="testScripts.UpfitProgress" tests="1" failures="0" timestamp="6 Jul 2017 12:25:11 GMT" time="98.802" errors="0">
  <testcase name="UpfitProgressTest" time="98.802" classname="testScripts.UpfitProgress"/>
</testsuite> <!-- testScripts.UpfitProgress -->
