<?xml version="1.0" encoding="UTF-8"?>
<!-- Generated by org.testng.reporters.JUnitReportReporter -->
<testsuite hostname="C40sf-118-" name="testScripts.VisionLogin" tests="1" failures="0" timestamp="9 Aug 2017 08:41:35 GMT" time="4.752" errors="0">
  <testcase name="loginQA" time="4.752" classname="testScripts.VisionLogin"/>
</testsuite> <!-- testScripts.VisionLogin -->
