<?xml version="1.0" encoding="UTF-8"?>
<!-- Generated by org.testng.reporters.JUnitReportReporter -->
<testsuite hostname="C40sf-118-" name="testScripts.AcceptQueue" tests="2" failures="0" timestamp="6 Jul 2017 12:25:11 GMT" time="22.154" errors="0">
  <testcase name="acceptQueue" time="14.925" classname="testScripts.AcceptQueue"/>
  <testcase name="openAcceptanceQueue" time="7.229" classname="testScripts.AcceptQueue"/>
</testsuite> <!-- testScripts.AcceptQueue -->
