<?xml version="1.0" encoding="UTF-8"?>
<!-- Generated by org.testng.reporters.JUnitReportReporter -->
<testsuite hostname="C40sf-118-" name="testScripts.ThirdPartyProgress" tests="1" failures="0" timestamp="12 Jul 2017 10:18:32 GMT" time="11.895" errors="0">
  <testcase name="ThirdPartyProgressTest" time="11.895" classname="testScripts.ThirdPartyProgress"/>
</testsuite> <!-- testScripts.ThirdPartyProgress -->
