<?xml version="1.0" encoding="UTF-8"?>
<!-- Generated by org.testng.reporters.JUnitReportReporter -->
<testsuite hostname="C40sf-118-" name="testScripts.ReleasePO" tests="4" failures="0" timestamp="19 Jul 2017 13:57:23 GMT" time="157.304" errors="0">
  <testcase name="openPurchaseOrderRelease" time="8.128" classname="testScripts.ReleasePO"/>
  <testcase name="releasePO" time="44.116" classname="testScripts.ReleasePO"/>
  <testcase name="savePO" time="58.191" classname="testScripts.ReleasePO"/>
  <testcase name="confirmPO" time="46.869" classname="testScripts.ReleasePO"/>
</testsuite> <!-- testScripts.ReleasePO -->
