<?xml version="1.0" encoding="UTF-8"?>
<!-- Generated by org.testng.reporters.JUnitReportReporter -->
<testsuite hostname="C40sf-118-" name="testScripts.UnitReconcile" tests="1" failures="0" timestamp="6 Jul 2017 10:20:10 GMT" time="624.184" errors="0">
  <testcase name="UntRec" time="624.184" classname="testScripts.UnitReconcile"/>
</testsuite> <!-- testScripts.UnitReconcile -->
