<?xml version="1.0" encoding="UTF-8"?>
<!-- Generated by org.testng.reporters.JUnitReportReporter -->
<testsuite hostname="C40-SF-22" name="testScripts.UnitReconcile" tests="1" failures="0" timestamp="10 Apr 2017 11:00:05 GMT" time="192.522" errors="0">
  <testcase name="UntRec" time="192.522" classname="testScripts.UnitReconcile"/>
</testsuite> <!-- testScripts.UnitReconcile -->
