<?xml version="1.0" encoding="UTF-8"?>
<!-- Generated by org.testng.reporters.JUnitReportReporter -->
<testsuite hostname="C40sf-118-" name="testScripts.ReleasePO" tests="4" failures="0" timestamp="5 Jun 2017 16:48:42 GMT" time="188.005" errors="0">
  <testcase name="savePO" time="65.271" classname="testScripts.ReleasePO"/>
  <testcase name="confirmPO" time="50.208" classname="testScripts.ReleasePO"/>
  <testcase name="openPurchaseOrderRelease" time="8.940" classname="testScripts.ReleasePO"/>
  <testcase name="releasePO" time="63.586" classname="testScripts.ReleasePO"/>
</testsuite> <!-- testScripts.ReleasePO -->
