<?xml version="1.0" encoding="UTF-8"?>
<!-- Generated by org.testng.reporters.JUnitReportReporter -->
<testsuite hostname="C40sf-118-" name="rough.TestDemo" tests="1" failures="0" timestamp="20 Jun 2017 07:57:59 GMT" time="0.005" errors="0">
  <testcase name="test1" time="0.005" classname="rough.TestDemo"/>
</testsuite> <!-- rough.TestDemo -->
