<?xml version="1.0" encoding="UTF-8"?>
<!-- Generated by org.testng.reporters.JUnitReportReporter -->
<testsuite hostname="C40-SF-22" name="testScripts.VisionLogin" tests="1" failures="0" timestamp="11 May 2017 15:01:10 GMT" time="10.464" errors="0">
  <testcase name="loginQA" time="10.464" classname="testScripts.VisionLogin"/>
</testsuite> <!-- testScripts.VisionLogin -->
