<?xml version="1.0" encoding="UTF-8"?>
<!-- Generated by org.testng.reporters.JUnitReportReporter -->
<testsuite hostname="C40-SF-22" name="testScripts.AcceptQueue" tests="2" failures="0" timestamp="10 May 2017 12:09:49 GMT" time="26.268" errors="0">
  <testcase name="openAcceptanceQueue" time="4.861" classname="testScripts.AcceptQueue"/>
  <testcase name="acceptQueue" time="21.407" classname="testScripts.AcceptQueue"/>
</testsuite> <!-- testScripts.AcceptQueue -->
