<?xml version="1.0" encoding="UTF-8"?>
<!-- Generated by org.testng.reporters.JUnitReportReporter -->
<testsuite hostname="C40-SF-22" name="testScripts.ThirdPartyProgress" tests="1" failures="0" timestamp="10 Apr 2017 11:00:05 GMT" time="13.037" errors="0">
  <testcase name="ThirdPartyProgressTest" time="13.037" classname="testScripts.ThirdPartyProgress"/>
</testsuite> <!-- testScripts.ThirdPartyProgress -->
