<?xml version="1.0" encoding="UTF-8"?>
<!-- Generated by org.testng.reporters.JUnitReportReporter -->
<testsuite hostname="C40-SF-22" name="testScripts.UpfitProgress" tests="1" failures="0" timestamp="11 May 2017 13:21:26 GMT" time="23.426" errors="0">
  <testcase name="UpfitProgressTest" time="23.426" classname="testScripts.UpfitProgress"/>
</testsuite> <!-- testScripts.UpfitProgress -->
