<?xml version="1.0" encoding="UTF-8"?>
<!-- Generated by org.testng.reporters.JUnitReportReporter -->
<testsuite hostname="C40-SF-22" name="testScripts.UnitReconcile" tests="1" failures="0" timestamp="8 Mar 2017 13:42:56 GMT" time="4.145" errors="0">
  <testcase name="UntRec" time="4.145" classname="testScripts.UnitReconcile"/>
</testsuite> <!-- testScripts.UnitReconcile -->
