<?xml version="1.0" encoding="UTF-8"?>
<!-- Generated by org.testng.reporters.JUnitReportReporter -->
<testsuite hostname="C40-SF-22" name="testScripts.VisionLogin" tests="1" failures="0" timestamp="10 May 2017 14:43:28 GMT" time="11.231" errors="0">
  <testcase name="loginQA" time="11.231" classname="testScripts.VisionLogin"/>
</testsuite> <!-- testScripts.VisionLogin -->
