<?xml version="1.0" encoding="UTF-8"?>
<!-- Generated by org.testng.reporters.JUnitReportReporter -->
<testsuite hostname="C40-SF-22" name="rough.TestDemo" tests="2" failures="0" timestamp="24 Feb 2017 14:56:39 GMT" time="0.005" errors="0">
  <testcase name="test1" time="0.003" classname="rough.TestDemo"/>
  <testcase name="test2" time="0.002" classname="rough.TestDemo"/>
</testsuite> <!-- rough.TestDemo -->
