<?xml version="1.0" encoding="UTF-8"?>
<!-- Generated by org.testng.reporters.JUnitReportReporter -->
<testsuite hostname="C40sf-118-" name="testScripts.UpfitProgress" tests="1" failures="0" timestamp="13 Jun 2017 11:42:53 GMT" time="123.535" errors="0">
  <testcase name="UpfitProgressTest" time="123.535" classname="testScripts.UpfitProgress"/>
</testsuite> <!-- testScripts.UpfitProgress -->
