<?xml version="1.0" encoding="UTF-8"?>
<!-- Generated by org.testng.reporters.JUnitReportReporter -->
<testsuite hostname="C40sf-118-" name="testScripts.UpfitProgress" tests="1" failures="0" timestamp="12 Jul 2017 10:18:32 GMT" time="45.600" errors="0">
  <testcase name="UpfitProgressTest" time="45.600" classname="testScripts.UpfitProgress"/>
</testsuite> <!-- testScripts.UpfitProgress -->
