<?xml version="1.0" encoding="UTF-8"?>
<!-- Generated by org.testng.reporters.JUnitReportReporter -->
<testsuite hostname="C40sf-118-" name="testScripts.VisionLogin" tests="1" failures="0" timestamp="12 Jul 2017 10:18:32 GMT" time="9.354" errors="0">
  <testcase name="loginQA" time="9.354" classname="testScripts.VisionLogin"/>
</testsuite> <!-- testScripts.VisionLogin -->
