<?xml version="1.0" encoding="UTF-8"?>
<!-- Generated by org.testng.reporters.JUnitReportReporter -->
<testsuite hostname="C40-SF-22" name="testScripts.UpfitProgress" tests="1" failures="0" timestamp="10 Apr 2017 11:00:05 GMT" time="65.573" errors="0">
  <testcase name="UpfitProgressTest" time="65.573" classname="testScripts.UpfitProgress"/>
</testsuite> <!-- testScripts.UpfitProgress -->
