<?xml version="1.0" encoding="UTF-8"?>
<!-- Generated by org.testng.reporters.JUnitReportReporter -->
<testsuite hostname="C40sf-118-" name="testScripts.VisionLogin" tests="1" failures="0" timestamp="13 Jun 2017 14:03:01 GMT" time="7.332" errors="0">
  <testcase name="loginQA" time="7.332" classname="testScripts.VisionLogin"/>
</testsuite> <!-- testScripts.VisionLogin -->
