<?xml version="1.0" encoding="UTF-8"?>
<!-- Generated by org.testng.reporters.JUnitReportReporter -->
<testsuite hostname="C40-SF-22" name="testScripts.ThirdPartyProgress" tests="1" failures="0" timestamp="11 May 2017 13:21:26 GMT" time="8.314" errors="0">
  <testcase name="ThirdPartyProgressTest" time="8.314" classname="testScripts.ThirdPartyProgress"/>
</testsuite> <!-- testScripts.ThirdPartyProgress -->
