<?xml version="1.0" encoding="UTF-8"?>
<!-- Generated by org.testng.reporters.JUnitReportReporter -->
<testsuite hostname="C40sf-118-" name="testScripts.UnitReconcile" tests="1" failures="0" timestamp="17 Jul 2017 14:29:47 GMT" time="14.300" errors="0">
  <testcase name="UntRec" time="14.300" classname="testScripts.UnitReconcile"/>
</testsuite> <!-- testScripts.UnitReconcile -->
