<?xml version="1.0" encoding="UTF-8"?>
<!-- Generated by org.testng.reporters.JUnitReportReporter -->
<testsuite hostname="C40sf-118-" name="testScripts.UpfitProgress" tests="1" failures="0" timestamp="9 Aug 2017 08:41:35 GMT" time="191.384" errors="0">
  <testcase name="UpfitProgressTest" time="191.384" classname="testScripts.UpfitProgress"/>
</testsuite> <!-- testScripts.UpfitProgress -->
