<?xml version="1.0" encoding="UTF-8"?>
<!-- Generated by org.testng.reporters.JUnitReportReporter -->
<testsuite hostname="C40-SF-22" name="testScripts.ReleasePO" tests="4" failures="0" timestamp="10 May 2017 12:09:49 GMT" time="108.262" errors="0">
  <testcase name="confirmPO" time="29.717" classname="testScripts.ReleasePO"/>
  <testcase name="releasePO" time="37.547" classname="testScripts.ReleasePO"/>
  <testcase name="openPurchaseOrderRelease" time="5.287" classname="testScripts.ReleasePO"/>
  <testcase name="savePO" time="35.711" classname="testScripts.ReleasePO"/>
</testsuite> <!-- testScripts.ReleasePO -->
