<?xml version="1.0" encoding="UTF-8"?>
<!-- Generated by org.testng.reporters.JUnitReportReporter -->
<testsuite hostname="C40sf-118-" name="testScripts.ThirdPartyProgress" tests="1" failures="0" timestamp="18 Jul 2017 11:15:12 GMT" time="31.946" errors="0">
  <testcase name="ThirdPartyProgressTest" time="31.946" classname="testScripts.ThirdPartyProgress"/>
</testsuite> <!-- testScripts.ThirdPartyProgress -->
