<?xml version="1.0" encoding="UTF-8"?>
<!-- Generated by org.testng.reporters.JUnitReportReporter -->
<testsuite hostname="C40sf-118-" name="testScripts.AcceptQueue" tests="2" failures="0" timestamp="13 Jun 2017 11:42:53 GMT" time="99.297" errors="0">
  <testcase name="acceptQueue" time="93.876" classname="testScripts.AcceptQueue"/>
  <testcase name="openAcceptanceQueue" time="5.421" classname="testScripts.AcceptQueue"/>
</testsuite> <!-- testScripts.AcceptQueue -->
