<?xml version="1.0" encoding="UTF-8"?>
<!-- Generated by org.testng.reporters.JUnitReportReporter -->
<testsuite hostname="C40sf-118-" name="testScripts.VisionLogin" tests="1" failures="0" timestamp="6 Jul 2017 12:43:03 GMT" time="8.574" errors="0">
  <testcase name="loginQA" time="8.574" classname="testScripts.VisionLogin"/>
</testsuite> <!-- testScripts.VisionLogin -->
