<?xml version="1.0" encoding="UTF-8"?>
<!-- Generated by org.testng.reporters.JUnitReportReporter -->
<testsuite hostname="C40sf-118-" name="testScripts.ReleasePO" tests="4" failures="0" timestamp="12 Jul 2017 10:18:32 GMT" time="20.161" errors="0">
  <testcase name="confirmPO" time="4.010" classname="testScripts.ReleasePO"/>
  <testcase name="openPurchaseOrderRelease" time="7.353" classname="testScripts.ReleasePO"/>
  <testcase name="releasePO" time="4.471" classname="testScripts.ReleasePO"/>
  <testcase name="savePO" time="4.327" classname="testScripts.ReleasePO"/>
</testsuite> <!-- testScripts.ReleasePO -->
