<?xml version="1.0" encoding="UTF-8"?>
<!-- Generated by org.testng.reporters.JUnitReportReporter -->
<testsuite hostname="C40-SF-22" name="testScripts.UpfitProgress" tests="1" failures="0" timestamp="10 May 2017 12:09:49 GMT" time="41.298" errors="0">
  <testcase name="UpfitProgressTest" time="41.298" classname="testScripts.UpfitProgress"/>
</testsuite> <!-- testScripts.UpfitProgress -->
