<?xml version="1.0" encoding="UTF-8"?>
<!-- Generated by org.testng.reporters.JUnitReportReporter -->
<testsuite hostname="C40-SF-22" name="testScripts.VisionLogin" tests="1" failures="0" timestamp="21 Feb 2017 11:10:23 GMT" time="10.356" errors="0">
  <testcase name="loginQA" time="10.356" classname="testScripts.VisionLogin"/>
</testsuite> <!-- testScripts.VisionLogin -->
